32	[8, 5, 3]		[128, 256, 128]		42.578125	110
32	[8, 5, 3]		[128, 256, 128]		39.453125	14
32	[8, 5, 3]		[128, 256, 128]		47.265625	72
32	[8, 5, 3]		[128, 256, 128]		46.875	71
32	[8, 5, 3]		[128, 256, 128]		41.015625	16

32	[8, 5, 3]		[256, 512, 256]		41.796875	86
32	[8, 5, 3]		[256, 512, 256]		49.21875	77
32	[8, 5, 3]		[256, 512, 256]		47.65625	99
32	[8, 5, 3]		[256, 512, 256]		50.0	78
32	[8, 5, 3]		[256, 512, 256]		43.75	85

32	[9, 5, 3]		[128, 256, 128]		45.3125	62
32	[9, 5, 3]		[128, 256, 128]		46.484375	57
32	[9, 5, 3]		[128, 256, 128]		39.453125	41
32	[9, 5, 3]		[128, 256, 128]		43.75	61
32	[9, 5, 3]		[128, 256, 128]		46.875	14

32	[9, 5, 3]		[256, 512, 256]		48.4375	72
32	[9, 5, 3]		[256, 512, 256]		46.09375	72
32	[9, 5, 3]		[256, 512, 256]		45.703125	73
32	[9, 5, 3]		[256, 512, 256]		42.96875	109
32	[9, 5, 3]		[256, 512, 256]		46.09375	84

32	[3, 5, 7, 5, 3]		[1024, 512, 256, 512, 1024]	57.03125	104
32	[3, 5, 7, 5, 3]		[1024, 512, 256, 512, 1024]	51.953125	108
32	[3, 5, 7, 5, 3]		[1024, 512, 256, 512, 1024]	48.4375		96
32	[3, 5, 7, 5, 3]		[1024, 512, 256, 512, 1024]	54.6875		109
32	[3, 5, 7, 5, 3]		[1024, 512, 256, 512, 1024]	55.46875	107
32	[3, 5, 7, 5, 3]		[1024, 512, 256, 512, 1024]	45.703125	26
32	[3, 5, 7, 5, 3]		[1024, 512, 256, 512, 1024]	48.828125	23
32	[3, 5, 7, 5, 3]		[1024, 512, 256, 512, 1024]	53.90625	24
32	[3, 5, 7, 5, 3]		[1024, 512, 256, 512, 1024]	52.34375	33
32	[3, 5, 7, 5, 3]		[1024, 512, 256, 512, 1024]	53.515625	25

32	[3, 5, 7, 5, 3]		[1024, 512, 1024, 512, 1024]	54.6875		107
32	[3, 5, 7, 5, 3]		[1024, 512, 1024, 512, 1024]	60.15625	87
32	[3, 5, 7, 5, 3]		[1024, 512, 1024, 512, 1024]	53.515625	108
32	[3, 5, 7, 5, 3]		[1024, 512, 1024, 512, 1024]	53.90625	102
32	[3, 5, 7, 5, 3]		[1024, 512, 1024, 512, 1024]	60.546875	116
32	[3, 5, 7, 5, 3]		[1024, 512, 1024, 512, 1024]	51.5625		36
32	[3, 5, 7, 5, 3]		[1024, 512, 1024, 512, 1024]	52.734375	50
32	[3, 5, 7, 5, 3]		[1024, 512, 1024, 512, 1024]	44.921875	25
32	[3, 5, 7, 5, 3]		[1024, 512, 1024, 512, 1024]	46.484375	23
32	[3, 5, 7, 5, 3]		[1024, 512, 1024, 512, 1024]	50.0		31

32	[7, 5, 3, 5, 7]		[1024, 512, 256, 512, 1024]	55.078125	104
32	[7, 5, 3, 5, 7]		[1024, 512, 256, 512, 1024]	56.25	96
32	[7, 5, 3, 5, 7]		[1024, 512, 256, 512, 1024]	52.734375	87
32	[7, 5, 3, 5, 7]		[1024, 512, 256, 512, 1024]	55.078125	108
32	[7, 5, 3, 5, 7]		[1024, 512, 256, 512, 1024]	57.421875	116

32	[7, 5, 3, 5, 7]		[1024, 512, 1024, 512, 1024]	56.640625	88
32	[7, 5, 3, 5, 7]		[1024, 512, 1024, 512, 1024]	52.734375	30
32	[7, 5, 3, 5, 7]		[1024, 512, 1024, 512, 1024]	56.640625	78
32	[7, 5, 3, 5, 7]		[1024, 512, 1024, 512, 1024]	56.640625	95
32	[7, 5, 3, 5, 7]		[1024, 512, 1024, 512, 1024]	58.203125	119

32	[3, 5, 7, 9, 7, 5, 3]	[1024, 512, 256, 128, 256, 512, 1024]	47.265625 56
32	[3, 5, 7, 9, 7, 5, 3]	[1024, 512, 256, 128, 256, 512, 1024]	47.265625 97
32	[3, 5, 7, 9, 7, 5, 3]	[1024, 512, 256, 128, 256, 512, 1024]	54.6875	90
32	[3, 5, 7, 9, 7, 5, 3]	[1024, 512, 256, 128, 256, 512, 1024]	57.421875 119
32	[3, 5, 7, 9, 7, 5, 3]	[1024, 512, 256, 128, 256, 512, 1024]	57.03125 69

